1612541079227	geckodriver	INFO	Listening on 127.0.0.1:51678
1612541080236	mozrunner::runner	INFO	Running command: "/Applications/Firefox.app/Contents/MacOS/firefox-bin" "--marionette" "-foreground" "-no-remote" "-profile" "/var/folders/by/s6wsjg3j7zv2f5171h2nzv3r0000gn/T/rust_mozprofileZbpIym"
2021-02-05 19:04:41.661 firefox-bin[7284:320672] Warning: Expected min height of view: (<NSButton: 0x127a6b000>) to be less than or equal to 30 but got a height of 32.000000. This error will be logged once per view in violation.
2021-02-05 19:04:41.661 firefox-bin[7284:320672] Warning: Expected min height of view: (<NSButton: 0x132d41c00>) to be less than or equal to 30 but got a height of 32.000000. This error will be logged once per view in violation.
2021-02-05 19:04:41.662 firefox-bin[7284:320672] Warning: Expected min height of view: (<NSButton: 0x132d3c000>) to be less than or equal to 30 but got a height of 32.000000. This error will be logged once per view in violation.
2021-02-05 19:04:41.662 firefox-bin[7284:320672] Warning: Expected min height of view: (<NSButton: 0x132d3f800>) to be less than or equal to 30 but got a height of 32.000000. This error will be logged once per view in violation.
2021-02-05 19:04:41.663 firefox-bin[7284:320672] Warning: Expected min height of view: (<NSButton: 0x132d3e800>) to be less than or equal to 30 but got a height of 32.000000. This error will be logged once per view in violation.
2021-02-05 19:04:41.663 firefox-bin[7284:320672] Warning: Expected min height of view: (<NSPopoverTouchBarItemButton: 0x132d3d800>) to be less than or equal to 30 but got a height of 32.000000. This error will be logged once per view in violation.
2021-02-05 19:04:41.664 firefox-bin[7284:320672] Warning: Expected min height of view: (<NSPopoverTouchBarItemButton: 0x13308c800>) to be less than or equal to 30 but got a height of 32.000000. This error will be logged once per view in violation.
console.warn: SearchSettings: "get: No settings file exists, new profile?" (new Error("", "(unknown module)"))
1612541082524	Marionette	INFO	Listening on port 51685
1612541082628	Marionette	WARN	TLS certificate errors will be ignored for this session
1612541082636	Marionette	ERROR	[19] No reply from Marionette:Register
JavaScript error: , line 0: NotFoundError: No such JSWindowActor 'MarionetteEvents'
1612541104675	geckodriver	INFO	Listening on 127.0.0.1:51779
1612541104684	mozrunner::runner	INFO	Running command: "/Applications/Firefox.app/Contents/MacOS/firefox-bin" "--marionette" "-foreground" "-no-remote" "-profile" "/var/folders/by/s6wsjg3j7zv2f5171h2nzv3r0000gn/T/rust_mozprofiledylJmv"
2021-02-05 19:05:06.084 firefox-bin[7298:321452] Warning: Expected min height of view: (<NSButton: 0x12a326000>) to be less than or equal to 30 but got a height of 32.000000. This error will be logged once per view in violation.
2021-02-05 19:05:06.085 firefox-bin[7298:321452] Warning: Expected min height of view: (<NSButton: 0x136ddfc00>) to be less than or equal to 30 but got a height of 32.000000. This error will be logged once per view in violation.
2021-02-05 19:05:06.085 firefox-bin[7298:321452] Warning: Expected min height of view: (<NSButton: 0x136dde400>) to be less than or equal to 30 but got a height of 32.000000. This error will be logged once per view in violation.
2021-02-05 19:05:06.086 firefox-bin[7298:321452] Warning: Expected min height of view: (<NSButton: 0x136ddd800>) to be less than or equal to 30 but got a height of 32.000000. This error will be logged once per view in violation.
2021-02-05 19:05:06.086 firefox-bin[7298:321452] Warning: Expected min height of view: (<NSButton: 0x136dd9800>) to be less than or equal to 30 but got a height of 32.000000. This error will be logged once per view in violation.
2021-02-05 19:05:06.086 firefox-bin[7298:321452] Warning: Expected min height of view: (<NSPopoverTouchBarItemButton: 0x136de0400>) to be less than or equal to 30 but got a height of 32.000000. This error will be logged once per view in violation.
2021-02-05 19:05:06.087 firefox-bin[7298:321452] Warning: Expected min height of view: (<NSPopoverTouchBarItemButton: 0x13714e400>) to be less than or equal to 30 but got a height of 32.000000. This error will be logged once per view in violation.
console.warn: SearchSettings: "get: No settings file exists, new profile?" (new Error("", "(unknown module)"))
1612541107239	Marionette	INFO	Listening on port 51784
console.warn: SearchSettings: "get: No settings file exists, new profile?" (new Error("", "(unknown module)"))
1612541107294	Marionette	WARN	TLS certificate errors will be ignored for this session
1612541107302	Marionette	ERROR	[19] No reply from Marionette:Register
1612541110333	Marionette	INFO	Stopped listening on port 51784

###!!! [Parent][RunMessage] Error: Channel closing: too late to send/recv, messages will be lost

1612541989786	geckodriver	INFO	Listening on 127.0.0.1:52096
1612541989794	mozrunner::runner	INFO	Running command: "/Applications/Firefox.app/Contents/MacOS/firefox-bin" "--marionette" "-foreground" "-no-remote" "-profile" "/var/folders/by/s6wsjg3j7zv2f5171h2nzv3r0000gn/T/rust_mozprofileAJlVBB"
2021-02-05 19:19:51.200 firefox-bin[7424:329022] Warning: Expected min height of view: (<NSButton: 0x12b3ce400>) to be less than or equal to 30 but got a height of 32.000000. This error will be logged once per view in violation.
2021-02-05 19:19:51.201 firefox-bin[7424:329022] Warning: Expected min height of view: (<NSButton: 0x137edb800>) to be less than or equal to 30 but got a height of 32.000000. This error will be logged once per view in violation.
2021-02-05 19:19:51.201 firefox-bin[7424:329022] Warning: Expected min height of view: (<NSButton: 0x137ed8400>) to be less than or equal to 30 but got a height of 32.000000. This error will be logged once per view in violation.
2021-02-05 19:19:51.202 firefox-bin[7424:329022] Warning: Expected min height of view: (<NSButton: 0x137ed8800>) to be less than or equal to 30 but got a height of 32.000000. This error will be logged once per view in violation.
2021-02-05 19:19:51.203 firefox-bin[7424:329022] Warning: Expected min height of view: (<NSButton: 0x137eda000>) to be less than or equal to 30 but got a height of 32.000000. This error will be logged once per view in violation.
2021-02-05 19:19:51.203 firefox-bin[7424:329022] Warning: Expected min height of view: (<NSPopoverTouchBarItemButton: 0x137edc800>) to be less than or equal to 30 but got a height of 32.000000. This error will be logged once per view in violation.
2021-02-05 19:19:51.204 firefox-bin[7424:329022] Warning: Expected min height of view: (<NSPopoverTouchBarItemButton: 0x1380a2800>) to be less than or equal to 30 but got a height of 32.000000. This error will be logged once per view in violation.
console.warn: SearchSettings: "get: No settings file exists, new profile?" (new Error("", "(unknown module)"))
1612541992286	Marionette	INFO	Listening on port 52101
1612541992323	Marionette	WARN	TLS certificate errors will be ignored for this session
1612541992338	Marionette	ERROR	[16] No reply from Marionette:Register
console.warn: SearchSettings: "get: No settings file exists, new profile?" (new Error("", "(unknown module)"))
1612542124696	geckodriver	INFO	Listening on 127.0.0.1:52231
1612542124704	mozrunner::runner	INFO	Running command: "/Applications/Firefox.app/Contents/MacOS/firefox-bin" "--marionette" "-foreground" "-no-remote" "-profile" "/var/folders/by/s6wsjg3j7zv2f5171h2nzv3r0000gn/T/rust_mozprofilegSVNGh"
2021-02-05 19:22:06.099 firefox-bin[7524:331757] Warning: Expected min height of view: (<NSButton: 0x129772800>) to be less than or equal to 30 but got a height of 32.000000. This error will be logged once per view in violation.
2021-02-05 19:22:06.100 firefox-bin[7524:331757] Warning: Expected min height of view: (<NSButton: 0x1362d6000>) to be less than or equal to 30 but got a height of 32.000000. This error will be logged once per view in violation.
2021-02-05 19:22:06.100 firefox-bin[7524:331757] Warning: Expected min height of view: (<NSButton: 0x1362d7400>) to be less than or equal to 30 but got a height of 32.000000. This error will be logged once per view in violation.
2021-02-05 19:22:06.101 firefox-bin[7524:331757] Warning: Expected min height of view: (<NSButton: 0x1362d7800>) to be less than or equal to 30 but got a height of 32.000000. This error will be logged once per view in violation.
2021-02-05 19:22:06.101 firefox-bin[7524:331757] Warning: Expected min height of view: (<NSButton: 0x1362d6800>) to be less than or equal to 30 but got a height of 32.000000. This error will be logged once per view in violation.
2021-02-05 19:22:06.102 firefox-bin[7524:331757] Warning: Expected min height of view: (<NSPopoverTouchBarItemButton: 0x1362da800>) to be less than or equal to 30 but got a height of 32.000000. This error will be logged once per view in violation.
2021-02-05 19:22:06.102 firefox-bin[7524:331757] Warning: Expected min height of view: (<NSPopoverTouchBarItemButton: 0x136483400>) to be less than or equal to 30 but got a height of 32.000000. This error will be logged once per view in violation.
console.warn: SearchSettings: "get: No settings file exists, new profile?" (new Error("", "(unknown module)"))
1612542127285	Marionette	INFO	Listening on port 52236
1612542127306	Marionette	WARN	TLS certificate errors will be ignored for this session
1612542127314	Marionette	ERROR	[16] No reply from Marionette:Register
console.warn: SearchSettings: "get: No settings file exists, new profile?" (new Error("", "(unknown module)"))
1612542162080	geckodriver	INFO	Listening on 127.0.0.1:52334
1612542162088	mozrunner::runner	INFO	Running command: "/Applications/Firefox.app/Contents/MacOS/firefox-bin" "--marionette" "-foreground" "-no-remote" "-profile" "/var/folders/by/s6wsjg3j7zv2f5171h2nzv3r0000gn/T/rust_mozprofilevFQP8u"
2021-02-05 19:22:43.502 firefox-bin[7546:332708] Warning: Expected min height of view: (<NSButton: 0x127e25c00>) to be less than or equal to 30 but got a height of 32.000000. This error will be logged once per view in violation.
2021-02-05 19:22:43.502 firefox-bin[7546:332708] Warning: Expected min height of view: (<NSButton: 0x1348a1400>) to be less than or equal to 30 but got a height of 32.000000. This error will be logged once per view in violation.
2021-02-05 19:22:43.503 firefox-bin[7546:332708] Warning: Expected min height of view: (<NSButton: 0x1348a0800>) to be less than or equal to 30 but got a height of 32.000000. This error will be logged once per view in violation.
2021-02-05 19:22:43.503 firefox-bin[7546:332708] Warning: Expected min height of view: (<NSButton: 0x13489d800>) to be less than or equal to 30 but got a height of 32.000000. This error will be logged once per view in violation.
2021-02-05 19:22:43.504 firefox-bin[7546:332708] Warning: Expected min height of view: (<NSButton: 0x13489dc00>) to be less than or equal to 30 but got a height of 32.000000. This error will be logged once per view in violation.
2021-02-05 19:22:43.504 firefox-bin[7546:332708] Warning: Expected min height of view: (<NSPopoverTouchBarItemButton: 0x1348a3c00>) to be less than or equal to 30 but got a height of 32.000000. This error will be logged once per view in violation.
2021-02-05 19:22:43.505 firefox-bin[7546:332708] Warning: Expected min height of view: (<NSPopoverTouchBarItemButton: 0x134c21000>) to be less than or equal to 30 but got a height of 32.000000. This error will be logged once per view in violation.
console.warn: SearchSettings: "get: No settings file exists, new profile?" (new Error("", "(unknown module)"))
1612542164516	Marionette	INFO	Listening on port 52339
1612542164588	Marionette	WARN	TLS certificate errors will be ignored for this session
1612542164602	Marionette	ERROR	[19] No reply from Marionette:Register
console.warn: SearchSettings: "get: No settings file exists, new profile?" (new Error("", "(unknown module)"))
Exiting due to channel error.
[GFX1-]: Receive IPC close with reason=AbnormalShutdown
Exiting due to channel error.
1612542218912	geckodriver	INFO	Listening on 127.0.0.1:52411
1612542218919	mozrunner::runner	INFO	Running command: "/Applications/Firefox.app/Contents/MacOS/firefox-bin" "--marionette" "-foreground" "-no-remote" "-profile" "/var/folders/by/s6wsjg3j7zv2f5171h2nzv3r0000gn/T/rust_mozprofiley4e7J6"
2021-02-05 19:23:40.326 firefox-bin[7571:333790] Warning: Expected min height of view: (<NSButton: 0x126410c00>) to be less than or equal to 30 but got a height of 32.000000. This error will be logged once per view in violation.
2021-02-05 19:23:40.326 firefox-bin[7571:333790] Warning: Expected min height of view: (<NSButton: 0x132f36800>) to be less than or equal to 30 but got a height of 32.000000. This error will be logged once per view in violation.
2021-02-05 19:23:40.327 firefox-bin[7571:333790] Warning: Expected min height of view: (<NSButton: 0x132f36000>) to be less than or equal to 30 but got a height of 32.000000. This error will be logged once per view in violation.
2021-02-05 19:23:40.327 firefox-bin[7571:333790] Warning: Expected min height of view: (<NSButton: 0x132f32800>) to be less than or equal to 30 but got a height of 32.000000. This error will be logged once per view in violation.
2021-02-05 19:23:40.328 firefox-bin[7571:333790] Warning: Expected min height of view: (<NSButton: 0x132f39400>) to be less than or equal to 30 but got a height of 32.000000. This error will be logged once per view in violation.
2021-02-05 19:23:40.328 firefox-bin[7571:333790] Warning: Expected min height of view: (<NSPopoverTouchBarItemButton: 0x132f39800>) to be less than or equal to 30 but got a height of 32.000000. This error will be logged once per view in violation.
2021-02-05 19:23:40.329 firefox-bin[7571:333790] Warning: Expected min height of view: (<NSPopoverTouchBarItemButton: 0x1332a5000>) to be less than or equal to 30 but got a height of 32.000000. This error will be logged once per view in violation.
console.warn: SearchSettings: "get: No settings file exists, new profile?" (new Error("", "(unknown module)"))
1612542221331	Marionette	INFO	Listening on port 52416
1612542221425	Marionette	WARN	TLS certificate errors will be ignored for this session
1612542221441	Marionette	ERROR	[19] No reply from Marionette:Register
console.warn: SearchSettings: "get: No settings file exists, new profile?" (new Error("", "(unknown module)"))
JavaScript error: , line 0: NotFoundError: No such JSWindowActor 'MarionetteEvents'
1612542298545	geckodriver	INFO	Listening on 127.0.0.1:52530
1612542298553	mozrunner::runner	INFO	Running command: "/Applications/Firefox.app/Contents/MacOS/firefox-bin" "--marionette" "-foreground" "-no-remote" "-profile" "/var/folders/by/s6wsjg3j7zv2f5171h2nzv3r0000gn/T/rust_mozprofileFwOJGu"
2021-02-05 19:24:59.958 firefox-bin[7592:335024] Warning: Expected min height of view: (<NSButton: 0x139c4c000>) to be less than or equal to 30 but got a height of 32.000000. This error will be logged once per view in violation.
2021-02-05 19:24:59.958 firefox-bin[7592:335024] Warning: Expected min height of view: (<NSButton: 0x139c4cc00>) to be less than or equal to 30 but got a height of 32.000000. This error will be logged once per view in violation.
2021-02-05 19:24:59.959 firefox-bin[7592:335024] Warning: Expected min height of view: (<NSButton: 0x139c4d400>) to be less than or equal to 30 but got a height of 32.000000. This error will be logged once per view in violation.
2021-02-05 19:24:59.959 firefox-bin[7592:335024] Warning: Expected min height of view: (<NSButton: 0x139c4dc00>) to be less than or equal to 30 but got a height of 32.000000. This error will be logged once per view in violation.
2021-02-05 19:24:59.960 firefox-bin[7592:335024] Warning: Expected min height of view: (<NSButton: 0x139c4e400>) to be less than or equal to 30 but got a height of 32.000000. This error will be logged once per view in violation.
2021-02-05 19:24:59.961 firefox-bin[7592:335024] Warning: Expected min height of view: (<NSPopoverTouchBarItemButton: 0x139c48400>) to be less than or equal to 30 but got a height of 32.000000. This error will be logged once per view in violation.
2021-02-05 19:24:59.961 firefox-bin[7592:335024] Warning: Expected min height of view: (<NSPopoverTouchBarItemButton: 0x139f6c400>) to be less than or equal to 30 but got a height of 32.000000. This error will be logged once per view in violation.
console.warn: SearchSettings: "get: No settings file exists, new profile?" (new Error("", "(unknown module)"))
1612542300957	Marionette	INFO	Listening on port 52535
1612542301072	Marionette	WARN	TLS certificate errors will be ignored for this session
1612542301080	Marionette	ERROR	[19] No reply from Marionette:Register
console.warn: SearchSettings: "get: No settings file exists, new profile?" (new Error("", "(unknown module)"))
1612542320070	geckodriver	INFO	Listening on 127.0.0.1:52610
1612542320077	mozrunner::runner	INFO	Running command: "/Applications/Firefox.app/Contents/MacOS/firefox-bin" "--marionette" "-foreground" "-no-remote" "-profile" "/var/folders/by/s6wsjg3j7zv2f5171h2nzv3r0000gn/T/rust_mozprofileUNa5Ee"
2021-02-05 19:25:21.490 firefox-bin[7604:335746] Warning: Expected min height of view: (<NSButton: 0x13dade400>) to be less than or equal to 30 but got a height of 32.000000. This error will be logged once per view in violation.
2021-02-05 19:25:21.490 firefox-bin[7604:335746] Warning: Expected min height of view: (<NSButton: 0x13dadb800>) to be less than or equal to 30 but got a height of 32.000000. This error will be logged once per view in violation.
2021-02-05 19:25:21.491 firefox-bin[7604:335746] Warning: Expected min height of view: (<NSButton: 0x13dadc000>) to be less than or equal to 30 but got a height of 32.000000. This error will be logged once per view in violation.
2021-02-05 19:25:21.491 firefox-bin[7604:335746] Warning: Expected min height of view: (<NSButton: 0x13dad9000>) to be less than or equal to 30 but got a height of 32.000000. This error will be logged once per view in violation.
2021-02-05 19:25:21.492 firefox-bin[7604:335746] Warning: Expected min height of view: (<NSButton: 0x13dadbc00>) to be less than or equal to 30 but got a height of 32.000000. This error will be logged once per view in violation.
2021-02-05 19:25:21.492 firefox-bin[7604:335746] Warning: Expected min height of view: (<NSPopoverTouchBarItemButton: 0x13dada400>) to be less than or equal to 30 but got a height of 32.000000. This error will be logged once per view in violation.
2021-02-05 19:25:21.493 firefox-bin[7604:335746] Warning: Expected min height of view: (<NSPopoverTouchBarItemButton: 0x13dcaa000>) to be less than or equal to 30 but got a height of 32.000000. This error will be logged once per view in violation.
console.warn: SearchSettings: "get: No settings file exists, new profile?" (new Error("", "(unknown module)"))
1612542322536	Marionette	INFO	Listening on port 52615
1612542322585	Marionette	WARN	TLS certificate errors will be ignored for this session
1612542322593	Marionette	ERROR	[16] No reply from Marionette:Register
console.warn: SearchSettings: "get: No settings file exists, new profile?" (new Error("", "(unknown module)"))
1612542324435	Marionette	INFO	Stopped listening on port 52615

###!!! [Parent][RunMessage] Error: Channel closing: too late to send/recv, messages will be lost

1612542376516	geckodriver	INFO	Listening on 127.0.0.1:52679
1612542376522	mozrunner::runner	INFO	Running command: "/Applications/Firefox.app/Contents/MacOS/firefox-bin" "--marionette" "-foreground" "-no-remote" "-profile" "/var/folders/by/s6wsjg3j7zv2f5171h2nzv3r0000gn/T/rust_mozprofileLIbHJA"
2021-02-05 19:26:17.944 firefox-bin[7618:336997] Warning: Expected min height of view: (<NSButton: 0x136ad6800>) to be less than or equal to 30 but got a height of 32.000000. This error will be logged once per view in violation.
2021-02-05 19:26:17.945 firefox-bin[7618:336997] Warning: Expected min height of view: (<NSButton: 0x136ad4800>) to be less than or equal to 30 but got a height of 32.000000. This error will be logged once per view in violation.
2021-02-05 19:26:17.945 firefox-bin[7618:336997] Warning: Expected min height of view: (<NSButton: 0x136ad7c00>) to be less than or equal to 30 but got a height of 32.000000. This error will be logged once per view in violation.
2021-02-05 19:26:17.946 firefox-bin[7618:336997] Warning: Expected min height of view: (<NSButton: 0x136ad8800>) to be less than or equal to 30 but got a height of 32.000000. This error will be logged once per view in violation.
2021-02-05 19:26:17.946 firefox-bin[7618:336997] Warning: Expected min height of view: (<NSButton: 0x136ada400>) to be less than or equal to 30 but got a height of 32.000000. This error will be logged once per view in violation.
2021-02-05 19:26:17.947 firefox-bin[7618:336997] Warning: Expected min height of view: (<NSPopoverTouchBarItemButton: 0x136ad9400>) to be less than or equal to 30 but got a height of 32.000000. This error will be logged once per view in violation.
2021-02-05 19:26:17.947 firefox-bin[7618:336997] Warning: Expected min height of view: (<NSPopoverTouchBarItemButton: 0x136cab000>) to be less than or equal to 30 but got a height of 32.000000. This error will be logged once per view in violation.
console.warn: SearchSettings: "get: No settings file exists, new profile?" (new Error("", "(unknown module)"))
1612542378971	Marionette	INFO	Listening on port 52684
1612542379024	Marionette	WARN	TLS certificate errors will be ignored for this session
1612542379032	Marionette	ERROR	[16] No reply from Marionette:Register
console.warn: SearchSettings: "get: No settings file exists, new profile?" (new Error("", "(unknown module)"))
1612542381178	Marionette	INFO	Stopped listening on port 52684

###!!! [Parent][RunMessage] Error: Channel closing: too late to send/recv, messages will be lost

1612542484010	Marionette	INFO	Stopped listening on port 51685

###!!! [Parent][RunMessage] Error: Channel closing: too late to send/recv, messages will be lost

1612542489973	Marionette	INFO	Stopped listening on port 52101
1612542497912	Marionette	INFO	Stopped listening on port 52236

###!!! [Parent][RunMessage] Error: Channel closing: too late to send/recv, messages will be lost

1612542500156	Marionette	INFO	Stopped listening on port 52416

###!!! [Parent][RunMessage] Error: Channel closing: too late to send/recv, messages will be lost

1612542502492	Marionette	INFO	Stopped listening on port 52535

###!!! [Parent][RunMessage] Error: Channel closing: too late to send/recv, messages will be lost

